<?xml version="1.0" encoding="UTF-8"?>
<testsuite xmlns:xsi="http://www.w3.org/2001/XMLSchema-instance" xsi:noNamespaceSchemaLocation="https://maven.apache.org/surefire/maven-surefire-plugin/xsd/surefire-test-report-3.0.xsd" version="3.0" name="Tests.ExtraFields.ExtraFieldsTests" time="247.953" tests="4" errors="0" skipped="0" failures="0">
  <properties>
[...]
</properties>
  <testcase name="deleteExtraFieldForClient" classname="Tests.ExtraFields.ExtraFieldsTests" time="77.076"/>
  <testcase name="createExtraFieldForClient" classname="Tests.ExtraFields.ExtraFieldsTests" time="46.03"/>
  <testcase name="createExtraFieldForEmployee" classname="Tests.ExtraFields.ExtraFieldsTests" time="46.633"/>
  <testcase name="deleteExtraFieldForEmployee" classname="Tests.ExtraFields.ExtraFieldsTests" time="78.046"/>
</testsuite>